2024-04-16T07:16:40+00:00 DEBUG \n--------------------- Can not find paypal proxy for charge! ---------------------\nArray
(
    [0] => 
    [1] => 
    [2] => Array
        (
        )

)
Array
(
    [0] => 
    [1] => cs_pp_action_wp_head
    [2] => Array
        (
            [0] => 
        )

)
2024-04-16T07:17:07+00:00 DEBUG \n--------------------- Can not find paypal proxy for charge! ---------------------\nArray
(
    [0] => 
    [1] => 
    [2] => Array
        (
        )

)
Array
(
    [0] => 
    [1] => cs_pp_action_wp_head
    [2] => Array
        (
            [0] => 
        )

)
2024-04-16T07:17:15+00:00 DEBUG \n--------------------- Can not find paypal proxy for charge! ---------------------\nArray
(
    [0] => 
    [1] => 
    [2] => Array
        (
        )

)
Array
(
    [0] => 
    [1] => cs_pp_action_wp_head
    [2] => Array
        (
            [0] => 
        )

)
2024-04-16T07:17:16+00:00 DEBUG \n--------------------- Can not find paypal proxy for charge! ---------------------\nArray
(
    [0] => 
    [1] => 
    [2] => Array
        (
        )

)
Array
(
    [0] => 
    [1] => cs_pp_action_wp_head
    [2] => Array
        (
            [0] => 
        )

)
2024-04-16T07:21:42+00:00 DEBUG \n--------------------- Can not find paypal proxy for charge! ---------------------\nArray
(
    [0] => 
    [1] => 
    [2] => Array
        (
        )

)
Array
(
    [0] => 
    [1] => cs_pp_action_wp_head
    [2] => Array
        (
            [0] => 
        )

)
2024-04-16T07:21:46+00:00 DEBUG \n--------------------- Can not find paypal proxy for charge! ---------------------\nArray
(
    [0] => 
    [1] => 
    [2] => Array
        (
        )

)
Array
(
    [0] => 
    [1] => cs_pp_action_wp_head
    [2] => Array
        (
            [0] => 
        )

)
2024-04-16T07:21:50+00:00 DEBUG \n--------------------- Can not find paypal proxy for charge! ---------------------\nArray
(
    [0] => 
    [1] => 
    [2] => Array
        (
        )

)
Array
(
    [0] => 
    [1] => cs_pp_action_wp_head
    [2] => Array
        (
            [0] => 
        )

)
2024-04-16T07:22:02+00:00 DEBUG \n--------------------- Can not find paypal proxy for charge! ---------------------\nArray
(
    [0] => 
    [1] => 
    [2] => Array
        (
        )

)
Array
(
    [0] => 
    [1] => cs_pp_action_wp_head
    [2] => Array
        (
            [0] => 
        )

)
2024-04-16T07:22:05+00:00 DEBUG \n--------------------- Can not find paypal proxy for charge! ---------------------\nArray
(
    [0] => 
    [1] => 
    [2] => Array
        (
        )

)
Array
(
    [0] => 
    [1] => cs_pp_action_wp_head
    [2] => Array
        (
            [0] => 
        )

)
2024-04-16T07:22:13+00:00 DEBUG \n--------------------- Can not find paypal proxy for charge! ---------------------\nArray
(
    [0] => 
    [1] => 
    [2] => Array
        (
        )

)
Array
(
    [0] => 
    [1] => cs_pp_action_wp_head
    [2] => Array
        (
            [0] => 
        )

)
2024-04-16T07:22:17+00:00 DEBUG \n--------------------- Can not find paypal proxy for charge! ---------------------\nArray
(
    [0] => 
    [1] => 
    [2] => Array
        (
        )

)
Array
(
    [0] => 
    [1] => cs_pp_action_wp_head
    [2] => Array
        (
            [0] => 
        )

)
2024-04-16T07:22:20+00:00 DEBUG \n--------------------- Can not find paypal proxy for charge! ---------------------\nArray
(
    [0] => 
    [1] => 
    [2] => Array
        (
        )

)
Array
(
    [0] => 
    [1] => cs_pp_action_wp_head
    [2] => Array
        (
            [0] => 
        )

)
2024-04-16T07:22:23+00:00 DEBUG \n--------------------- Can not find paypal proxy for charge! ---------------------\nArray
(
    [0] => 
    [1] => 
    [2] => Array
        (
        )

)
Array
(
    [0] => 
    [1] => cs_pp_action_wp_head
    [2] => Array
        (
            [0] => 
        )

)
2024-04-16T07:23:16+00:00 DEBUG \n--------------------- Can not find paypal proxy for charge! ---------------------\nArray
(
    [0] => 
    [1] => 
    [2] => Array
        (
        )

)
Array
(
    [0] => 
    [1] => cs_pp_action_wp_head
    [2] => Array
        (
            [0] => 
        )

)
2024-04-16T07:25:35+00:00 DEBUG \n--------------------- Can not find paypal proxy for charge! ---------------------\nArray
(
    [0] => 
    [1] => 
    [2] => Array
        (
        )

)
Array
(
    [0] => 
    [1] => cs_pp_action_wp_head
    [2] => Array
        (
            [0] => 
        )

)
2024-04-16T07:26:13+00:00 DEBUG \n--------------------- Can not find paypal proxy for charge! ---------------------\nArray
(
    [0] => 
    [1] => 
    [2] => Array
        (
        )

)
Array
(
    [0] => 
    [1] => cs_pp_action_wp_head
    [2] => Array
        (
            [0] => 
        )

)
2024-04-16T07:28:29+00:00 DEBUG \n--------------------- Can not find paypal proxy for charge! ---------------------\nArray
(
    [0] => 
    [1] => 
    [2] => Array
        (
        )

)
Array
(
    [0] => 
    [1] => cs_pp_action_wp_head
    [2] => Array
        (
            [0] => 
        )

)
2024-04-16T07:28:33+00:00 DEBUG \n--------------------- Can not find paypal proxy for charge! ---------------------\nArray
(
    [0] => 
    [1] => 
    [2] => Array
        (
        )

)
Array
(
    [0] => 
    [1] => cs_pp_action_wp_head
    [2] => Array
        (
            [0] => 
        )

)
2024-04-16T07:28:36+00:00 DEBUG \n--------------------- Can not find paypal proxy for charge! ---------------------\nArray
(
    [0] => 
    [1] => 
    [2] => Array
        (
        )

)
Array
(
    [0] => 
    [1] => cs_pp_action_wp_head
    [2] => Array
        (
            [0] => 
        )

)
2024-04-16T07:28:41+00:00 DEBUG \n--------------------- Can not find paypal proxy for charge! ---------------------\nArray
(
    [0] => 
    [1] => 
    [2] => Array
        (
        )

)
Array
(
    [0] => 
    [1] => cs_pp_action_wp_head
    [2] => Array
        (
            [0] => 
        )

)
2024-04-16T07:28:51+00:00 DEBUG \n--------------------- Can not find paypal proxy for charge! ---------------------\nArray
(
    [0] => 
    [1] => 
    [2] => Array
        (
        )

)
Array
(
    [0] => 
    [1] => cs_pp_action_wp_head
    [2] => Array
        (
            [0] => 
        )

)
2024-04-16T07:29:13+00:00 DEBUG \n--------------------- Can not find paypal proxy for charge! ---------------------\nArray
(
    [0] => 
    [1] => 
    [2] => Array
        (
        )

)
Array
(
    [0] => 
    [1] => cs_pp_action_wp_head
    [2] => Array
        (
            [0] => 
        )

)
2024-04-16T07:29:21+00:00 DEBUG \n--------------------- Can not find paypal proxy for charge! ---------------------\nArray
(
    [0] => 
    [1] => 
    [2] => Array
        (
        )

)
Array
(
    [0] => 
    [1] => cs_pp_action_wp_head
    [2] => Array
        (
            [0] => 
        )

)
2024-04-16T07:30:19+00:00 DEBUG \n--------------------- Can not find paypal proxy for charge! ---------------------\nArray
(
    [0] => 
    [1] => 
    [2] => Array
        (
        )

)
Array
(
    [0] => 
    [1] => cs_pp_action_wp_head
    [2] => Array
        (
            [0] => 
        )

)
2024-04-16T07:30:37+00:00 DEBUG \n--------------------- Can not find paypal proxy for charge! ---------------------\nArray
(
    [0] => 
    [1] => 
    [2] => Array
        (
        )

)
Array
(
    [0] => 
    [1] => cs_pp_action_wp_head
    [2] => Array
        (
            [0] => 
        )

)
2024-04-16T07:32:10+00:00 DEBUG \n--------------------- Can not find paypal proxy for charge! ---------------------\nArray
(
    [0] => 
    [1] => 
    [2] => Array
        (
        )

)
Array
(
    [0] => 
    [1] => cs_pp_action_wp_head
    [2] => Array
        (
            [0] => 
        )

)
2024-04-16T07:32:21+00:00 DEBUG \n--------------------- Can not find paypal proxy for charge! ---------------------\nArray
(
    [0] => 
    [1] => 
    [2] => Array
        (
        )

)
Array
(
    [0] => 
    [1] => cs_pp_action_wp_head
    [2] => Array
        (
            [0] => 
        )

)
2024-04-16T07:32:32+00:00 DEBUG \n--------------------- Can not find paypal proxy for charge! ---------------------\nArray
(
    [0] => 
    [1] => 
    [2] => Array
        (
        )

)
Array
(
    [0] => 
    [1] => cs_pp_action_wp_head
    [2] => Array
        (
            [0] => 
        )

)
2024-04-16T07:32:40+00:00 DEBUG \n--------------------- Can not find paypal proxy for charge! ---------------------\nArray
(
    [0] => 
    [1] => 
    [2] => Array
        (
        )

)
Array
(
    [0] => 
    [1] => cs_pp_action_wp_head
    [2] => Array
        (
            [0] => 
        )

)
2024-04-16T07:32:52+00:00 DEBUG \n--------------------- Can not find paypal proxy for charge! ---------------------\nArray
(
    [0] => 
    [1] => 
    [2] => Array
        (
        )

)
Array
(
    [0] => 
    [1] => cs_pp_action_wp_head
    [2] => Array
        (
            [0] => 
        )

)
2024-04-16T07:32:55+00:00 DEBUG \n--------------------- Can not find paypal proxy for charge! ---------------------\nArray
(
    [0] => 
    [1] => 
    [2] => Array
        (
        )

)
Array
(
    [0] => 
    [1] => cs_pp_action_wp_head
    [2] => Array
        (
            [0] => 
        )

)
2024-04-16T08:58:02+00:00 DEBUG \n--------------------- Can not find paypal proxy for charge! ---------------------\nArray
(
    [0] => 
    [1] => 
    [2] => Array
        (
        )

)
Array
(
    [0] => 
    [1] => cs_pp_action_wp_head
    [2] => Array
        (
            [0] => 
        )

)
2024-04-16T08:58:10+00:00 DEBUG \n--------------------- Can not find paypal proxy for charge! ---------------------\nArray
(
    [0] => 
    [1] => 
    [2] => Array
        (
        )

)
Array
(
    [0] => 
    [1] => cs_pp_action_wp_head
    [2] => Array
        (
            [0] => 
        )

)
2024-04-16T08:58:13+00:00 DEBUG \n--------------------- Can not find paypal proxy for charge! ---------------------\nArray
(
    [0] => 
    [1] => 
    [2] => Array
        (
        )

)
Array
(
    [0] => 
    [1] => cs_pp_action_wp_head
    [2] => Array
        (
            [0] => 
        )

)
2024-04-16T08:59:52+00:00 DEBUG \n--------------------- Can not find paypal proxy for charge! ---------------------\nArray
(
    [0] => 
    [1] => 
    [2] => Array
        (
        )

)
Array
(
    [0] => 
    [1] => cs_pp_action_wp_head
    [2] => Array
        (
            [0] => 
        )

)
2024-04-16T09:00:55+00:00 DEBUG \n--------------------- Can not find paypal proxy for charge! ---------------------\nArray
(
    [0] => 
    [1] => 
    [2] => Array
        (
        )

)
Array
(
    [0] => 
    [1] => cs_pp_action_wp_head
    [2] => Array
        (
            [0] => 
        )

)
2024-04-16T09:01:03+00:00 DEBUG \n--------------------- Can not find paypal proxy for charge! ---------------------\nArray
(
    [0] => 
    [1] => 
    [2] => Array
        (
        )

)
Array
(
    [0] => 
    [1] => cs_pp_action_wp_head
    [2] => Array
        (
            [0] => 
        )

)
2024-04-16T09:03:10+00:00 DEBUG \n--------------------- Can not find paypal proxy for charge! ---------------------\nArray
(
    [0] => 
    [1] => 
    [2] => Array
        (
        )

)
Array
(
    [0] => 
    [1] => cs_pp_action_wp_head
    [2] => Array
        (
            [0] => 
        )

)
2024-04-16T09:03:13+00:00 DEBUG \n--------------------- Can not find paypal proxy for charge! ---------------------\nArray
(
    [0] => 
    [1] => 
    [2] => Array
        (
        )

)
Array
(
    [0] => 
    [1] => cs_pp_action_wp_head
    [2] => Array
        (
            [0] => 
        )

)
2024-04-16T09:03:18+00:00 DEBUG \n--------------------- Can not find paypal proxy for charge! ---------------------\nArray
(
    [0] => 
    [1] => 
    [2] => Array
        (
        )

)
Array
(
    [0] => 
    [1] => cs_pp_action_wp_head
    [2] => Array
        (
            [0] => 
        )

)
2024-04-16T09:03:42+00:00 DEBUG \n--------------------- Can not find paypal proxy for charge! ---------------------\nArray
(
    [0] => 
    [1] => 
    [2] => Array
        (
        )

)
Array
(
    [0] => 
    [1] => cs_pp_action_wp_head
    [2] => Array
        (
            [0] => 
        )

)
2024-04-16T09:03:54+00:00 DEBUG \n--------------------- Can not find paypal proxy for charge! ---------------------\nArray
(
    [0] => 
    [1] => 
    [2] => Array
        (
        )

)
Array
(
    [0] => 
    [1] => cs_pp_action_wp_head
    [2] => Array
        (
            [0] => 
        )

)
2024-04-16T09:04:04+00:00 DEBUG \n--------------------- Can not find paypal proxy for charge! ---------------------\nArray
(
    [0] => 
    [1] => 
    [2] => Array
        (
        )

)
Array
(
    [0] => 
    [1] => cs_pp_action_wp_head
    [2] => Array
        (
            [0] => 
        )

)
2024-04-16T09:17:52+00:00 DEBUG \n--------------------- Can not find paypal proxy for charge! ---------------------\nArray
(
    [0] => 
    [1] => 
    [2] => Array
        (
        )

)
Array
(
    [0] => 
    [1] => cs_pp_action_wp_head
    [2] => Array
        (
            [0] => 
        )

)
2024-04-16T09:17:57+00:00 DEBUG \n--------------------- Can not find paypal proxy for charge! ---------------------\nArray
(
    [0] => 
    [1] => 
    [2] => Array
        (
        )

)
Array
(
    [0] => 
    [1] => cs_pp_action_wp_head
    [2] => Array
        (
            [0] => 
        )

)
2024-04-16T09:17:57+00:00 DEBUG \n--------------------- Can not find paypal proxy for charge! ---------------------\nArray
(
    [0] => 
    [1] => 
    [2] => Array
        (
        )

)
Array
(
    [0] => 
    [1] => cs_pp_action_wp_head
    [2] => Array
        (
            [0] => 
        )

)
2024-04-16T09:18:04+00:00 DEBUG \n--------------------- Can not find paypal proxy for charge! ---------------------\nArray
(
    [0] => 
    [1] => 
    [2] => Array
        (
        )

)
Array
(
    [0] => 
    [1] => cs_pp_action_wp_head
    [2] => Array
        (
            [0] => 
        )

)
2024-04-16T09:18:11+00:00 DEBUG \n--------------------- Can not find paypal proxy for charge! ---------------------\nArray
(
    [0] => 
    [1] => 
    [2] => Array
        (
        )

)
Array
(
    [0] => 
    [1] => cs_pp_action_wp_head
    [2] => Array
        (
            [0] => 
        )

)
2024-04-16T09:18:20+00:00 DEBUG \n--------------------- Can not find paypal proxy for charge! ---------------------\nArray
(
    [0] => 
    [1] => 
    [2] => Array
        (
        )

)
Array
(
    [0] => 
    [1] => cs_pp_action_wp_head
    [2] => Array
        (
            [0] => 
        )

)
2024-04-16T09:19:01+00:00 DEBUG \n--------------------- Can not find paypal proxy for charge! ---------------------\nArray
(
    [0] => 
    [1] => 
    [2] => Array
        (
        )

)
Array
(
    [0] => 
    [1] => cs_pp_action_wp_head
    [2] => Array
        (
            [0] => 
        )

)
2024-04-16T09:38:59+00:00 DEBUG \n--------------------- Can not find paypal proxy for charge! ---------------------\nArray
(
    [0] => 
    [1] => 
    [2] => Array
        (
        )

)
Array
(
    [0] => 
    [1] => cs_pp_action_wp_head
    [2] => Array
        (
            [0] => 
        )

)
2024-04-16T09:42:31+00:00 DEBUG \n--------------------- Can not find paypal proxy for charge! ---------------------\nArray
(
    [0] => 
    [1] => 
    [2] => Array
        (
        )

)
Array
(
    [0] => 
    [1] => cs_pp_action_wp_head
    [2] => Array
        (
            [0] => 
        )

)
2024-04-16T09:42:32+00:00 DEBUG \n--------------------- Can not find paypal proxy for charge! ---------------------\nArray
(
    [0] => 
    [1] => 
    [2] => Array
        (
        )

)
Array
(
    [0] => 
    [1] => cs_pp_action_wp_head
    [2] => Array
        (
            [0] => 
        )

)
2024-04-16T09:42:47+00:00 DEBUG \n--------------------- Can not find paypal proxy for charge! ---------------------\nArray
(
    [0] => 
    [1] => 
    [2] => Array
        (
        )

)
Array
(
    [0] => 
    [1] => cs_pp_action_wp_head
    [2] => Array
        (
            [0] => 
        )

)
2024-04-16T09:42:50+00:00 DEBUG \n--------------------- Can not find paypal proxy for charge! ---------------------\nArray
(
    [0] => 
    [1] => 
    [2] => Array
        (
        )

)
Array
(
    [0] => 
    [1] => cs_pp_action_wp_head
    [2] => Array
        (
            [0] => 
        )

)
2024-04-16T09:43:05+00:00 DEBUG \n--------------------- Can not find paypal proxy for charge! ---------------------\nArray
(
    [0] => 
    [1] => 
    [2] => Array
        (
        )

)
Array
(
    [0] => 
    [1] => cs_pp_action_wp_head
    [2] => Array
        (
            [0] => 
        )

)
2024-04-16T09:43:05+00:00 DEBUG \n--------------------- Can not find paypal proxy for charge! ---------------------\nArray
(
    [0] => 
    [1] => 
    [2] => Array
        (
        )

)
Array
(
    [0] => 
    [1] => cs_pp_action_wp_head
    [2] => Array
        (
            [0] => 
        )

)
2024-04-16T09:43:35+00:00 DEBUG \n--------------------- Can not find paypal proxy for charge! ---------------------\nArray
(
    [0] => 
    [1] => 
    [2] => Array
        (
        )

)
Array
(
    [0] => 
    [1] => cs_pp_action_wp_head
    [2] => Array
        (
            [0] => 
        )

)
2024-04-16T09:44:05+00:00 DEBUG \n--------------------- Can not find paypal proxy for charge! ---------------------\nArray
(
    [0] => 
    [1] => 
    [2] => Array
        (
        )

)
Array
(
    [0] => 
    [1] => cs_pp_action_wp_head
    [2] => Array
        (
            [0] => 
        )

)
2024-04-16T09:44:08+00:00 DEBUG \n--------------------- Can not find paypal proxy for charge! ---------------------\nArray
(
    [0] => 
    [1] => 
    [2] => Array
        (
        )

)
Array
(
    [0] => 
    [1] => cs_pp_action_wp_head
    [2] => Array
        (
            [0] => 
        )

)
2024-04-16T09:44:16+00:00 DEBUG \n--------------------- Can not find paypal proxy for charge! ---------------------\nArray
(
    [0] => 
    [1] => 
    [2] => Array
        (
        )

)
Array
(
    [0] => 
    [1] => cs_pp_action_wp_head
    [2] => Array
        (
            [0] => 
        )

)
2024-04-16T09:46:25+00:00 DEBUG \n--------------------- Can not find paypal proxy for charge! ---------------------\nArray
(
    [0] => 
    [1] => 
    [2] => Array
        (
        )

)
Array
(
    [0] => 
    [1] => cs_pp_action_wp_head
    [2] => Array
        (
            [0] => 
        )

)
2024-04-16T09:46:35+00:00 DEBUG \n--------------------- Can not find paypal proxy for charge! ---------------------\nArray
(
    [0] => 
    [1] => 
    [2] => Array
        (
        )

)
Array
(
    [0] => 
    [1] => cs_pp_action_wp_head
    [2] => Array
        (
            [0] => 
        )

)
2024-04-16T09:54:49+00:00 DEBUG \n--------------------- Can not find paypal proxy for charge! ---------------------\nArray
(
    [0] => 
    [1] => 
    [2] => Array
        (
        )

)
Array
(
    [0] => 
    [1] => cs_pp_action_wp_head
    [2] => Array
        (
            [0] => 
        )

)
2024-04-16T09:59:32+00:00 DEBUG \n--------------------- Can not find paypal proxy for charge! ---------------------\nArray
(
    [0] => 
    [1] => 
    [2] => Array
        (
        )

)
Array
(
    [0] => 
    [1] => cs_pp_action_wp_head
    [2] => Array
        (
            [0] => 
        )

)
2024-04-16T10:01:20+00:00 DEBUG \n--------------------- Can not find paypal proxy for charge! ---------------------\nArray
(
    [0] => 
    [1] => 
    [2] => Array
        (
        )

)
Array
(
    [0] => 
    [1] => cs_pp_action_wp_head
    [2] => Array
        (
            [0] => 
        )

)
2024-04-16T10:01:44+00:00 DEBUG \n--------------------- Can not find paypal proxy for charge! ---------------------\nArray
(
    [0] => 
    [1] => 
    [2] => Array
        (
        )

)
Array
(
    [0] => 
    [1] => cs_pp_action_wp_head
    [2] => Array
        (
            [0] => 
        )

)
2024-04-16T10:01:49+00:00 DEBUG \n--------------------- Can not find paypal proxy for charge! ---------------------\nArray
(
    [0] => 
    [1] => 
    [2] => Array
        (
        )

)
Array
(
    [0] => 
    [1] => cs_pp_action_wp_head
    [2] => Array
        (
            [0] => 
        )

)
2024-04-16T10:02:10+00:00 DEBUG \n--------------------- Can not find paypal proxy for charge! ---------------------\nArray
(
    [0] => 
    [1] => 
    [2] => Array
        (
        )

)
Array
(
    [0] => 
    [1] => cs_pp_action_wp_head
    [2] => Array
        (
            [0] => 
        )

)
2024-04-16T10:02:14+00:00 DEBUG \n--------------------- Can not find paypal proxy for charge! ---------------------\nArray
(
    [0] => 
    [1] => 
    [2] => Array
        (
        )

)
Array
(
    [0] => 
    [1] => cs_pp_action_wp_head
    [2] => Array
        (
            [0] => 
        )

)
2024-04-16T10:02:17+00:00 DEBUG \n--------------------- Can not find paypal proxy for charge! ---------------------\nArray
(
    [0] => 
    [1] => 
    [2] => Array
        (
        )

)
Array
(
    [0] => 
    [1] => cs_pp_action_wp_head
    [2] => Array
        (
            [0] => 
        )

)
2024-04-16T10:08:33+00:00 DEBUG \n--------------------- Can not find paypal proxy for charge! ---------------------\nArray
(
    [0] => 
    [1] => 
    [2] => Array
        (
        )

)
Array
(
    [0] => 
    [1] => cs_pp_action_wp_head
    [2] => Array
        (
            [0] => 
        )

)
2024-04-16T10:08:36+00:00 DEBUG \n--------------------- Can not find paypal proxy for charge! ---------------------\nArray
(
    [0] => 
    [1] => 
    [2] => Array
        (
        )

)
Array
(
    [0] => 
    [1] => cs_pp_action_wp_head
    [2] => Array
        (
            [0] => 
        )

)
2024-04-16T10:10:47+00:00 DEBUG \n--------------------- Can not find paypal proxy for charge! ---------------------\nArray
(
    [0] => 
    [1] => 
    [2] => Array
        (
        )

)
Array
(
    [0] => 
    [1] => cs_pp_action_wp_head
    [2] => Array
        (
            [0] => 
        )

)
2024-04-16T10:10:55+00:00 DEBUG \n--------------------- Can not find paypal proxy for charge! ---------------------\nArray
(
    [0] => 
    [1] => 
    [2] => Array
        (
        )

)
Array
(
    [0] => 
    [1] => cs_pp_action_wp_head
    [2] => Array
        (
            [0] => 
        )

)
2024-04-16T10:10:59+00:00 DEBUG \n--------------------- Can not find paypal proxy for charge! ---------------------\nArray
(
    [0] => 
    [1] => 
    [2] => Array
        (
        )

)
Array
(
    [0] => 
    [1] => cs_pp_action_wp_head
    [2] => Array
        (
            [0] => 
        )

)
2024-04-16T10:11:24+00:00 DEBUG \n--------------------- Can not find paypal proxy for charge! ---------------------\nArray
(
    [0] => 
    [1] => 
    [2] => Array
        (
        )

)
Array
(
    [0] => 
    [1] => cs_pp_action_wp_head
    [2] => Array
        (
            [0] => 
        )

)
2024-04-16T10:11:29+00:00 DEBUG \n--------------------- Can not find paypal proxy for charge! ---------------------\nArray
(
    [0] => 
    [1] => 
    [2] => Array
        (
        )

)
Array
(
    [0] => 
    [1] => cs_pp_action_wp_head
    [2] => Array
        (
            [0] => 
        )

)
2024-04-16T10:14:05+00:00 DEBUG \n--------------------- Can not find paypal proxy for charge! ---------------------\nArray
(
    [0] => 
    [1] => 
    [2] => Array
        (
        )

)
Array
(
    [0] => 
    [1] => cs_pp_action_wp_head
    [2] => Array
        (
            [0] => 
        )

)
2024-04-16T10:14:24+00:00 DEBUG \n--------------------- Can not find paypal proxy for charge! ---------------------\nArray
(
    [0] => 
    [1] => 
    [2] => Array
        (
        )

)
Array
(
    [0] => 
    [1] => cs_pp_action_wp_head
    [2] => Array
        (
            [0] => 
        )

)
2024-04-16T10:14:30+00:00 DEBUG \n--------------------- Can not find paypal proxy for charge! ---------------------\nArray
(
    [0] => 
    [1] => 
    [2] => Array
        (
        )

)
Array
(
    [0] => 
    [1] => cs_pp_action_wp_head
    [2] => Array
        (
            [0] => 
        )

)
2024-04-16T10:18:28+00:00 DEBUG \n--------------------- Can not find paypal proxy for charge! ---------------------\nArray
(
    [0] => 
    [1] => 
    [2] => Array
        (
        )

)
Array
(
    [0] => 
    [1] => cs_pp_action_wp_head
    [2] => Array
        (
            [0] => 
        )

)
2024-04-16T10:18:30+00:00 DEBUG \n--------------------- Can not find paypal proxy for charge! ---------------------\nArray
(
    [0] => 
    [1] => 
    [2] => Array
        (
        )

)
Array
(
    [0] => 
    [1] => cs_pp_action_wp_head
    [2] => Array
        (
            [0] => 
        )

)
2024-04-16T10:18:30+00:00 DEBUG \n--------------------- Can not find paypal proxy for charge! ---------------------\nArray
(
    [0] => 
    [1] => 
    [2] => Array
        (
        )

)
Array
(
    [0] => 
    [1] => cs_pp_action_wp_head
    [2] => Array
        (
            [0] => 
        )

)
2024-04-16T10:18:37+00:00 DEBUG \n--------------------- Can not find paypal proxy for charge! ---------------------\nArray
(
    [0] => 
    [1] => 
    [2] => Array
        (
        )

)
Array
(
    [0] => 
    [1] => cs_pp_action_wp_head
    [2] => Array
        (
            [0] => 
        )

)
2024-04-16T10:18:38+00:00 DEBUG \n--------------------- Can not find paypal proxy for charge! ---------------------\nArray
(
    [0] => 
    [1] => 
    [2] => Array
        (
        )

)
Array
(
    [0] => 
    [1] => cs_pp_action_wp_head
    [2] => Array
        (
            [0] => 
        )

)
2024-04-16T10:18:42+00:00 DEBUG \n--------------------- Can not find paypal proxy for charge! ---------------------\nArray
(
    [0] => 
    [1] => 
    [2] => Array
        (
        )

)
Array
(
    [0] => 
    [1] => cs_pp_action_wp_head
    [2] => Array
        (
            [0] => 
        )

)
2024-04-16T10:18:49+00:00 DEBUG \n--------------------- Can not find paypal proxy for charge! ---------------------\nArray
(
    [0] => 
    [1] => 
    [2] => Array
        (
        )

)
Array
(
    [0] => 
    [1] => cs_pp_action_wp_head
    [2] => Array
        (
            [0] => 
        )

)
2024-04-16T10:18:52+00:00 DEBUG \n--------------------- Can not find paypal proxy for charge! ---------------------\nArray
(
    [0] => 
    [1] => 
    [2] => Array
        (
        )

)
Array
(
    [0] => 
    [1] => cs_pp_action_wp_head
    [2] => Array
        (
            [0] => 
        )

)
2024-04-16T10:21:04+00:00 DEBUG \n--------------------- Can not find paypal proxy for charge! ---------------------\nArray
(
    [0] => 
    [1] => 
    [2] => Array
        (
        )

)
Array
(
    [0] => 
    [1] => cs_pp_action_wp_head
    [2] => Array
        (
            [0] => 
        )

)
2024-04-16T10:21:07+00:00 DEBUG \n--------------------- Can not find paypal proxy for charge! ---------------------\nArray
(
    [0] => 
    [1] => 
    [2] => Array
        (
        )

)
Array
(
    [0] => 
    [1] => cs_pp_action_wp_head
    [2] => Array
        (
            [0] => 
        )

)
2024-04-16T10:28:13+00:00 DEBUG \n--------------------- Can not find paypal proxy for charge! ---------------------\nArray
(
    [0] => 
    [1] => 
    [2] => Array
        (
        )

)
Array
(
    [0] => 
    [1] => cs_pp_action_wp_head
    [2] => Array
        (
            [0] => 
        )

)
2024-04-16T10:28:14+00:00 DEBUG \n--------------------- Can not find paypal proxy for charge! ---------------------\nArray
(
    [0] => 
    [1] => 
    [2] => Array
        (
        )

)
Array
(
    [0] => 
    [1] => cs_pp_action_wp_head
    [2] => Array
        (
            [0] => 
        )

)
2024-04-16T10:28:14+00:00 DEBUG \n--------------------- Can not find paypal proxy for charge! ---------------------\nArray
(
    [0] => 
    [1] => 
    [2] => Array
        (
        )

)
Array
(
    [0] => 
    [1] => cs_pp_action_wp_head
    [2] => Array
        (
            [0] => 
        )

)
2024-04-16T10:28:35+00:00 DEBUG \n--------------------- Can not find paypal proxy for charge! ---------------------\nArray
(
    [0] => 
    [1] => 
    [2] => Array
        (
        )

)
Array
(
    [0] => 
    [1] => cs_pp_action_wp_head
    [2] => Array
        (
            [0] => 
        )

)
2024-04-16T10:28:50+00:00 DEBUG \n--------------------- Can not find paypal proxy for charge! ---------------------\nArray
(
    [0] => 
    [1] => 
    [2] => Array
        (
        )

)
Array
(
    [0] => 
    [1] => cs_pp_action_wp_head
    [2] => Array
        (
            [0] => 
        )

)
2024-04-16T10:29:16+00:00 DEBUG \n--------------------- Can not find paypal proxy for charge! ---------------------\nArray
(
    [0] => 
    [1] => 
    [2] => Array
        (
        )

)
Array
(
    [0] => 
    [1] => cs_pp_action_wp_head
    [2] => Array
        (
            [0] => 
        )

)
2024-04-16T10:29:22+00:00 DEBUG \n--------------------- Can not find paypal proxy for charge! ---------------------\nArray
(
    [0] => 
    [1] => 
    [2] => Array
        (
        )

)
Array
(
    [0] => 
    [1] => cs_pp_action_wp_head
    [2] => Array
        (
            [0] => 
        )

)
2024-04-16T10:29:26+00:00 DEBUG \n--------------------- Can not find paypal proxy for charge! ---------------------\nArray
(
    [0] => 
    [1] => 
    [2] => Array
        (
        )

)
Array
(
    [0] => 
    [1] => cs_pp_action_wp_head
    [2] => Array
        (
            [0] => 
        )

)
2024-04-16T10:29:41+00:00 DEBUG \n--------------------- Can not find paypal proxy for charge! ---------------------\nArray
(
    [0] => 
    [1] => 
    [2] => Array
        (
        )

)
Array
(
    [0] => 
    [1] => cs_pp_action_wp_head
    [2] => Array
        (
            [0] => 
        )

)
2024-04-16T10:29:47+00:00 DEBUG \n--------------------- Can not find paypal proxy for charge! ---------------------\nArray
(
    [0] => 
    [1] => 
    [2] => Array
        (
        )

)
Array
(
    [0] => 
    [1] => cs_pp_action_wp_head
    [2] => Array
        (
            [0] => 
        )

)
2024-04-16T10:30:13+00:00 DEBUG \n--------------------- Can not find paypal proxy for charge! ---------------------\nArray
(
    [0] => 
    [1] => 
    [2] => Array
        (
        )

)
Array
(
    [0] => 
    [1] => cs_pp_action_wp_head
    [2] => Array
        (
            [0] => 
        )

)
2024-04-16T10:30:45+00:00 DEBUG \n--------------------- Can not find paypal proxy for charge! ---------------------\nArray
(
    [0] => 
    [1] => 
    [2] => Array
        (
        )

)
Array
(
    [0] => 
    [1] => cs_pp_action_wp_head
    [2] => Array
        (
            [0] => 
        )

)
2024-04-16T10:31:17+00:00 DEBUG \n--------------------- Can not find paypal proxy for charge! ---------------------\nArray
(
    [0] => 
    [1] => 
    [2] => Array
        (
        )

)
Array
(
    [0] => 
    [1] => cs_pp_action_wp_head
    [2] => Array
        (
            [0] => 
        )

)
2024-04-16T10:31:19+00:00 DEBUG \n--------------------- Can not find paypal proxy for charge! ---------------------\nArray
(
    [0] => 
    [1] => 
    [2] => Array
        (
        )

)
Array
(
    [0] => 
    [1] => cs_pp_action_wp_head
    [2] => Array
        (
            [0] => 
        )

)
2024-04-16T10:31:19+00:00 DEBUG \n--------------------- Can not find paypal proxy for charge! ---------------------\nArray
(
    [0] => 
    [1] => 
    [2] => Array
        (
        )

)
Array
(
    [0] => 
    [1] => cs_pp_action_wp_head
    [2] => Array
        (
            [0] => 
        )

)
2024-04-16T10:31:52+00:00 DEBUG \n--------------------- Can not find paypal proxy for charge! ---------------------\nArray
(
    [0] => 
    [1] => 
    [2] => Array
        (
        )

)
Array
(
    [0] => 
    [1] => cs_pp_action_wp_head
    [2] => Array
        (
            [0] => 
        )

)
2024-04-16T10:32:16+00:00 DEBUG \n--------------------- Can not find paypal proxy for charge! ---------------------\nArray
(
    [0] => 
    [1] => 
    [2] => Array
        (
        )

)
Array
(
    [0] => 
    [1] => cs_pp_action_wp_head
    [2] => Array
        (
            [0] => 
        )

)
2024-04-16T10:32:31+00:00 DEBUG \n--------------------- Can not find paypal proxy for charge! ---------------------\nArray
(
    [0] => 
    [1] => 
    [2] => Array
        (
        )

)
Array
(
    [0] => 
    [1] => cs_pp_action_wp_head
    [2] => Array
        (
            [0] => 
        )

)
2024-04-16T10:32:34+00:00 DEBUG \n--------------------- Can not find paypal proxy for charge! ---------------------\nArray
(
    [0] => 
    [1] => 
    [2] => Array
        (
        )

)
Array
(
    [0] => 
    [1] => cs_pp_action_wp_head
    [2] => Array
        (
            [0] => 
        )

)
2024-04-16T10:33:36+00:00 DEBUG \n--------------------- Can not find paypal proxy for charge! ---------------------\nArray
(
    [0] => 
    [1] => 
    [2] => Array
        (
        )

)
Array
(
    [0] => 
    [1] => cs_pp_action_wp_head
    [2] => Array
        (
            [0] => 
        )

)
2024-04-16T10:33:37+00:00 DEBUG \n--------------------- Can not find paypal proxy for charge! ---------------------\nArray
(
    [0] => 
    [1] => 
    [2] => Array
        (
        )

)
Array
(
    [0] => 
    [1] => cs_pp_action_wp_head
    [2] => Array
        (
            [0] => 
        )

)
2024-04-16T10:33:37+00:00 DEBUG \n--------------------- Can not find paypal proxy for charge! ---------------------\nArray
(
    [0] => 
    [1] => 
    [2] => Array
        (
        )

)
Array
(
    [0] => 
    [1] => cs_pp_action_wp_head
    [2] => Array
        (
            [0] => 
        )

)
2024-04-16T10:33:40+00:00 DEBUG \n--------------------- Can not find paypal proxy for charge! ---------------------\nArray
(
    [0] => 
    [1] => 
    [2] => Array
        (
        )

)
Array
(
    [0] => 
    [1] => cs_pp_action_wp_head
    [2] => Array
        (
            [0] => 
        )

)
2024-04-16T10:34:01+00:00 DEBUG \n--------------------- Can not find paypal proxy for charge! ---------------------\nArray
(
    [0] => 
    [1] => 
    [2] => Array
        (
        )

)
Array
(
    [0] => 
    [1] => cs_pp_action_wp_head
    [2] => Array
        (
            [0] => 
        )

)
2024-04-16T10:34:23+00:00 DEBUG \n--------------------- Can not find paypal proxy for charge! ---------------------\nArray
(
    [0] => 
    [1] => 
    [2] => Array
        (
        )

)
Array
(
    [0] => 
    [1] => cs_pp_action_wp_head
    [2] => Array
        (
            [0] => 
        )

)
2024-04-16T10:34:44+00:00 DEBUG \n--------------------- Can not find paypal proxy for charge! ---------------------\nArray
(
    [0] => 
    [1] => 
    [2] => Array
        (
        )

)
Array
(
    [0] => 
    [1] => cs_pp_action_wp_head
    [2] => Array
        (
            [0] => 
        )

)
2024-04-16T10:35:11+00:00 DEBUG \n--------------------- Can not find paypal proxy for charge! ---------------------\nArray
(
    [0] => 
    [1] => 
    [2] => Array
        (
        )

)
Array
(
    [0] => 
    [1] => cs_pp_action_wp_head
    [2] => Array
        (
            [0] => 
        )

)
2024-04-16T10:35:36+00:00 DEBUG \n--------------------- Can not find paypal proxy for charge! ---------------------\nArray
(
    [0] => 
    [1] => 
    [2] => Array
        (
        )

)
Array
(
    [0] => 
    [1] => cs_pp_action_wp_head
    [2] => Array
        (
            [0] => 
        )

)
2024-04-16T10:36:24+00:00 DEBUG \n--------------------- Can not find paypal proxy for charge! ---------------------\nArray
(
    [0] => 
    [1] => 
    [2] => Array
        (
        )

)
Array
(
    [0] => 
    [1] => cs_pp_action_wp_head
    [2] => Array
        (
            [0] => 
        )

)
2024-04-16T10:36:42+00:00 DEBUG \n--------------------- Can not find paypal proxy for charge! ---------------------\nArray
(
    [0] => 
    [1] => 
    [2] => Array
        (
        )

)
Array
(
    [0] => 
    [1] => cs_pp_action_wp_head
    [2] => Array
        (
            [0] => 
        )

)
2024-04-16T10:36:43+00:00 DEBUG \n--------------------- Can not find paypal proxy for charge! ---------------------\nArray
(
    [0] => 
    [1] => 
    [2] => Array
        (
        )

)
Array
(
    [0] => 
    [1] => cs_pp_action_wp_head
    [2] => Array
        (
            [0] => 
        )

)
2024-04-16T10:36:55+00:00 DEBUG \n--------------------- Can not find paypal proxy for charge! ---------------------\nArray
(
    [0] => 
    [1] => 
    [2] => Array
        (
        )

)
Array
(
    [0] => 
    [1] => cs_pp_action_wp_head
    [2] => Array
        (
            [0] => 
        )

)
2024-04-16T10:37:17+00:00 DEBUG \n--------------------- Can not find paypal proxy for charge! ---------------------\nArray
(
    [0] => 
    [1] => 
    [2] => Array
        (
        )

)
Array
(
    [0] => 
    [1] => cs_pp_action_wp_head
    [2] => Array
        (
            [0] => 
        )

)
2024-04-16T10:38:17+00:00 DEBUG \n--------------------- Can not find paypal proxy for charge! ---------------------\nArray
(
    [0] => 
    [1] => 
    [2] => Array
        (
        )

)
Array
(
    [0] => 
    [1] => cs_pp_action_wp_head
    [2] => Array
        (
            [0] => 
        )

)
2024-04-16T10:38:23+00:00 DEBUG \n--------------------- Can not find paypal proxy for charge! ---------------------\nArray
(
    [0] => 
    [1] => 
    [2] => Array
        (
        )

)
Array
(
    [0] => 
    [1] => cs_pp_action_wp_head
    [2] => Array
        (
            [0] => 
        )

)
2024-04-16T10:38:23+00:00 DEBUG \n--------------------- Can not find paypal proxy for charge! ---------------------\nArray
(
    [0] => 
    [1] => 
    [2] => Array
        (
        )

)
Array
(
    [0] => 
    [1] => cs_pp_action_wp_head
    [2] => Array
        (
            [0] => 
        )

)
2024-04-16T10:39:54+00:00 DEBUG \n--------------------- Can not find paypal proxy for charge! ---------------------\nArray
(
    [0] => 
    [1] => 
    [2] => Array
        (
        )

)
Array
(
    [0] => 
    [1] => cs_pp_action_wp_head
    [2] => Array
        (
            [0] => 
        )

)
2024-04-16T10:39:55+00:00 DEBUG \n--------------------- Can not find paypal proxy for charge! ---------------------\nArray
(
    [0] => 
    [1] => 
    [2] => Array
        (
        )

)
Array
(
    [0] => 
    [1] => cs_pp_action_wp_head
    [2] => Array
        (
            [0] => 
        )

)
2024-04-16T10:39:55+00:00 DEBUG \n--------------------- Can not find paypal proxy for charge! ---------------------\nArray
(
    [0] => 
    [1] => 
    [2] => Array
        (
        )

)
Array
(
    [0] => 
    [1] => cs_pp_action_wp_head
    [2] => Array
        (
            [0] => 
        )

)
2024-04-16T10:39:55+00:00 DEBUG \n--------------------- Can not find paypal proxy for charge! ---------------------\nArray
(
    [0] => 
    [1] => 
    [2] => Array
        (
        )

)
Array
(
    [0] => 
    [1] => cs_pp_action_wp_head
    [2] => Array
        (
            [0] => 
        )

)
2024-04-16T10:40:33+00:00 DEBUG \n--------------------- Can not find paypal proxy for charge! ---------------------\nArray
(
    [0] => 
    [1] => 
    [2] => Array
        (
        )

)
Array
(
    [0] => 
    [1] => cs_pp_action_wp_head
    [2] => Array
        (
            [0] => 
        )

)
2024-04-16T10:40:35+00:00 DEBUG \n--------------------- Can not find paypal proxy for charge! ---------------------\nArray
(
    [0] => 
    [1] => 
    [2] => Array
        (
        )

)
Array
(
    [0] => 
    [1] => cs_pp_action_wp_head
    [2] => Array
        (
            [0] => 
        )

)
2024-04-16T10:40:35+00:00 DEBUG \n--------------------- Can not find paypal proxy for charge! ---------------------\nArray
(
    [0] => 
    [1] => 
    [2] => Array
        (
        )

)
Array
(
    [0] => 
    [1] => cs_pp_action_wp_head
    [2] => Array
        (
            [0] => 
        )

)
2024-04-16T10:40:35+00:00 DEBUG \n--------------------- Can not find paypal proxy for charge! ---------------------\nArray
(
    [0] => 
    [1] => 
    [2] => Array
        (
        )

)
Array
(
    [0] => 
    [1] => cs_pp_action_wp_head
    [2] => Array
        (
            [0] => 
        )

)
2024-04-16T10:41:45+00:00 DEBUG \n--------------------- Can not find paypal proxy for charge! ---------------------\nArray
(
    [0] => 
    [1] => 
    [2] => Array
        (
        )

)
Array
(
    [0] => 
    [1] => cs_pp_action_wp_head
    [2] => Array
        (
            [0] => 
        )

)
2024-04-16T10:41:47+00:00 DEBUG \n--------------------- Can not find paypal proxy for charge! ---------------------\nArray
(
    [0] => 
    [1] => 
    [2] => Array
        (
        )

)
Array
(
    [0] => 
    [1] => cs_pp_action_wp_head
    [2] => Array
        (
            [0] => 
        )

)
2024-04-16T10:41:47+00:00 DEBUG \n--------------------- Can not find paypal proxy for charge! ---------------------\nArray
(
    [0] => 
    [1] => 
    [2] => Array
        (
        )

)
Array
(
    [0] => 
    [1] => cs_pp_action_wp_head
    [2] => Array
        (
            [0] => 
        )

)
2024-04-16T10:42:43+00:00 DEBUG \n--------------------- Can not find paypal proxy for charge! ---------------------\nArray
(
    [0] => 
    [1] => 
    [2] => Array
        (
        )

)
Array
(
    [0] => 
    [1] => cs_pp_action_wp_head
    [2] => Array
        (
            [0] => 
        )

)
2024-04-16T10:42:45+00:00 DEBUG \n--------------------- Can not find paypal proxy for charge! ---------------------\nArray
(
    [0] => 
    [1] => 
    [2] => Array
        (
        )

)
Array
(
    [0] => 
    [1] => cs_pp_action_wp_head
    [2] => Array
        (
            [0] => 
        )

)
2024-04-16T10:42:45+00:00 DEBUG \n--------------------- Can not find paypal proxy for charge! ---------------------\nArray
(
    [0] => 
    [1] => 
    [2] => Array
        (
        )

)
Array
(
    [0] => 
    [1] => cs_pp_action_wp_head
    [2] => Array
        (
            [0] => 
        )

)
2024-04-16T10:44:57+00:00 DEBUG \n--------------------- Can not find paypal proxy for charge! ---------------------\nArray
(
    [0] => 
    [1] => 
    [2] => Array
        (
        )

)
Array
(
    [0] => 
    [1] => cs_pp_action_wp_head
    [2] => Array
        (
            [0] => 
        )

)
2024-04-16T13:54:23+00:00 DEBUG \n--------------------- Can not find paypal proxy for charge! ---------------------\nArray
(
    [0] => 
    [1] => 
    [2] => Array
        (
        )

)
Array
(
    [0] => 
    [1] => cs_pp_action_wp_head
    [2] => Array
        (
            [0] => 
        )

)
2024-04-16T13:54:27+00:00 DEBUG \n--------------------- Can not find paypal proxy for charge! ---------------------\nArray
(
    [0] => 
    [1] => 
    [2] => Array
        (
        )

)
Array
(
    [0] => 
    [1] => cs_pp_action_wp_head
    [2] => Array
        (
            [0] => 
        )

)
2024-04-16T13:54:27+00:00 DEBUG \n--------------------- Can not find paypal proxy for charge! ---------------------\nArray
(
    [0] => 
    [1] => 
    [2] => Array
        (
        )

)
Array
(
    [0] => 
    [1] => cs_pp_action_wp_head
    [2] => Array
        (
            [0] => 
        )

)
2024-04-16T13:54:31+00:00 DEBUG \n--------------------- Can not find paypal proxy for charge! ---------------------\nArray
(
    [0] => 
    [1] => 
    [2] => Array
        (
        )

)
Array
(
    [0] => 
    [1] => cs_pp_action_wp_head
    [2] => Array
        (
            [0] => 
        )

)
2024-04-16T14:15:54+00:00 DEBUG \n--------------------- Can not find paypal proxy for charge! ---------------------\nArray
(
    [0] => 
    [1] => 
    [2] => Array
        (
        )

)
Array
(
    [0] => 
    [1] => cs_pp_action_wp_head
    [2] => Array
        (
            [0] => 
        )

)
2024-04-16T14:15:55+00:00 DEBUG \n--------------------- Can not find paypal proxy for charge! ---------------------\nArray
(
    [0] => 
    [1] => 
    [2] => Array
        (
        )

)
Array
(
    [0] => 
    [1] => cs_pp_action_wp_head
    [2] => Array
        (
            [0] => 
        )

)
2024-04-16T14:17:23+00:00 DEBUG \n--------------------- Can not find paypal proxy for charge! ---------------------\nArray
(
    [0] => 
    [1] => 
    [2] => Array
        (
        )

)
Array
(
    [0] => 
    [1] => cs_pp_action_wp_head
    [2] => Array
        (
            [0] => 
        )

)
2024-04-16T14:17:51+00:00 DEBUG \n--------------------- Can not find paypal proxy for charge! ---------------------\nArray
(
    [0] => 
    [1] => 
    [2] => Array
        (
        )

)
Array
(
    [0] => 
    [1] => cs_pp_action_wp_head
    [2] => Array
        (
            [0] => 
        )

)
2024-04-16T14:18:02+00:00 DEBUG \n--------------------- Can not find paypal proxy for charge! ---------------------\nArray
(
    [0] => 
    [1] => 
    [2] => Array
        (
        )

)
Array
(
    [0] => 
    [1] => cs_pp_action_wp_head
    [2] => Array
        (
            [0] => 
        )

)
2024-04-16T14:18:03+00:00 DEBUG \n--------------------- Can not find paypal proxy for charge! ---------------------\nArray
(
    [0] => 
    [1] => 
    [2] => Array
        (
        )

)
Array
(
    [0] => 
    [1] => cs_pp_action_wp_head
    [2] => Array
        (
            [0] => 
        )

)
2024-04-16T14:18:46+00:00 DEBUG \n--------------------- Can not find paypal proxy for charge! ---------------------\nArray
(
    [0] => 
    [1] => 
    [2] => Array
        (
        )

)
Array
(
    [0] => 
    [1] => cs_pp_action_wp_head
    [2] => Array
        (
            [0] => 
        )

)
2024-04-16T14:19:21+00:00 DEBUG \n--------------------- Can not find paypal proxy for charge! ---------------------\nArray
(
    [0] => 
    [1] => 
    [2] => Array
        (
        )

)
Array
(
    [0] => 
    [1] => cs_pp_action_wp_head
    [2] => Array
        (
            [0] => 
        )

)
2024-04-16T14:19:25+00:00 DEBUG \n--------------------- Can not find paypal proxy for charge! ---------------------\nArray
(
    [0] => 
    [1] => 
    [2] => Array
        (
        )

)
Array
(
    [0] => 
    [1] => cs_pp_action_wp_head
    [2] => Array
        (
            [0] => 
        )

)
2024-04-16T14:19:25+00:00 DEBUG \n--------------------- Can not find paypal proxy for charge! ---------------------\nArray
(
    [0] => 
    [1] => 
    [2] => Array
        (
        )

)
Array
(
    [0] => 
    [1] => cs_pp_action_wp_head
    [2] => Array
        (
            [0] => 
        )

)
2024-04-16T14:22:18+00:00 DEBUG \n--------------------- Can not find paypal proxy for charge! ---------------------\nArray
(
    [0] => 
    [1] => 
    [2] => Array
        (
        )

)
Array
(
    [0] => 
    [1] => cs_pp_action_wp_head
    [2] => Array
        (
            [0] => 
        )

)
2024-04-16T14:22:22+00:00 DEBUG \n--------------------- Can not find paypal proxy for charge! ---------------------\nArray
(
    [0] => 
    [1] => 
    [2] => Array
        (
        )

)
Array
(
    [0] => 
    [1] => cs_pp_action_wp_head
    [2] => Array
        (
            [0] => 
        )

)
2024-04-16T14:22:22+00:00 DEBUG \n--------------------- Can not find paypal proxy for charge! ---------------------\nArray
(
    [0] => 
    [1] => 
    [2] => Array
        (
        )

)
Array
(
    [0] => 
    [1] => cs_pp_action_wp_head
    [2] => Array
        (
            [0] => 
        )

)
2024-04-16T14:22:31+00:00 DEBUG \n--------------------- Can not find paypal proxy for charge! ---------------------\nArray
(
    [0] => 
    [1] => 
    [2] => Array
        (
        )

)
Array
(
    [0] => 
    [1] => cs_pp_action_wp_head
    [2] => Array
        (
            [0] => 
        )

)
2024-04-16T14:22:34+00:00 DEBUG \n--------------------- Can not find paypal proxy for charge! ---------------------\nArray
(
    [0] => 
    [1] => 
    [2] => Array
        (
        )

)
Array
(
    [0] => 
    [1] => cs_pp_action_wp_head
    [2] => Array
        (
            [0] => 
        )

)
2024-04-16T14:22:36+00:00 DEBUG \n--------------------- Can not find paypal proxy for charge! ---------------------\nArray
(
    [0] => 
    [1] => 
    [2] => Array
        (
        )

)
Array
(
    [0] => 
    [1] => cs_pp_action_wp_head
    [2] => Array
        (
            [0] => 
        )

)
2024-04-16T14:22:36+00:00 DEBUG \n--------------------- Can not find paypal proxy for charge! ---------------------\nArray
(
    [0] => 
    [1] => 
    [2] => Array
        (
        )

)
Array
(
    [0] => 
    [1] => cs_pp_action_wp_head
    [2] => Array
        (
            [0] => 
        )

)
2024-04-16T14:22:40+00:00 DEBUG \n--------------------- Can not find paypal proxy for charge! ---------------------\nArray
(
    [0] => 
    [1] => 
    [2] => Array
        (
        )

)
Array
(
    [0] => 
    [1] => cs_pp_action_wp_head
    [2] => Array
        (
            [0] => 
        )

)
2024-04-16T14:36:07+00:00 DEBUG \n--------------------- Can not find paypal proxy for charge! ---------------------\nArray
(
    [0] => 
    [1] => 
    [2] => Array
        (
        )

)
Array
(
    [0] => 
    [1] => cs_pp_action_wp_head
    [2] => Array
        (
            [0] => 
        )

)
2024-04-16T14:38:15+00:00 DEBUG \n--------------------- Can not find paypal proxy for charge! ---------------------\nArray
(
    [0] => 
    [1] => 
    [2] => Array
        (
        )

)
Array
(
    [0] => 
    [1] => cs_pp_action_wp_head
    [2] => Array
        (
            [0] => 
        )

)
2024-04-16T14:38:58+00:00 DEBUG \n--------------------- Can not find paypal proxy for charge! ---------------------\nArray
(
    [0] => 
    [1] => 
    [2] => Array
        (
        )

)
Array
(
    [0] => 
    [1] => cs_pp_action_wp_head
    [2] => Array
        (
            [0] => 
        )

)
2024-04-16T14:39:42+00:00 DEBUG \n--------------------- Can not find paypal proxy for charge! ---------------------\nArray
(
    [0] => 
    [1] => 
    [2] => Array
        (
        )

)
Array
(
    [0] => 
    [1] => cs_pp_action_wp_head
    [2] => Array
        (
            [0] => 
        )

)
2024-04-16T14:39:59+00:00 DEBUG \n--------------------- Can not find paypal proxy for charge! ---------------------\nArray
(
    [0] => 
    [1] => 
    [2] => Array
        (
        )

)
Array
(
    [0] => 
    [1] => cs_pp_action_wp_head
    [2] => Array
        (
            [0] => 
        )

)
2024-04-16T14:40:24+00:00 DEBUG \n--------------------- Can not find paypal proxy for charge! ---------------------\nArray
(
    [0] => 
    [1] => 
    [2] => Array
        (
        )

)
Array
(
    [0] => 
    [1] => cs_pp_action_wp_head
    [2] => Array
        (
            [0] => 
        )

)
2024-04-16T14:40:24+00:00 DEBUG \n--------------------- Can not find paypal proxy for charge! ---------------------\nArray
(
    [0] => 
    [1] => 
    [2] => Array
        (
        )

)
Array
(
    [0] => 
    [1] => cs_pp_action_wp_head
    [2] => Array
        (
            [0] => 
        )

)
2024-04-16T14:40:25+00:00 DEBUG \n--------------------- Can not find paypal proxy for charge! ---------------------\nArray
(
    [0] => 
    [1] => 
    [2] => Array
        (
        )

)
Array
(
    [0] => 
    [1] => cs_pp_action_wp_head
    [2] => Array
        (
            [0] => 
        )

)
2024-04-16T14:40:27+00:00 DEBUG \n--------------------- Can not find paypal proxy for charge! ---------------------\nArray
(
    [0] => 
    [1] => 
    [2] => Array
        (
        )

)
Array
(
    [0] => 
    [1] => cs_pp_action_wp_head
    [2] => Array
        (
            [0] => 
        )

)
2024-04-16T14:40:27+00:00 DEBUG \n--------------------- Can not find paypal proxy for charge! ---------------------\nArray
(
    [0] => 
    [1] => 
    [2] => Array
        (
        )

)
Array
(
    [0] => 
    [1] => cs_pp_action_wp_head
    [2] => Array
        (
            [0] => 
        )

)
2024-04-16T14:40:33+00:00 DEBUG \n--------------------- Can not find paypal proxy for charge! ---------------------\nArray
(
    [0] => 
    [1] => 
    [2] => Array
        (
        )

)
Array
(
    [0] => 
    [1] => cs_pp_action_wp_head
    [2] => Array
        (
            [0] => 
        )

)
2024-04-16T14:41:47+00:00 DEBUG \n--------------------- Can not find paypal proxy for charge! ---------------------\nArray
(
    [0] => 
    [1] => 
    [2] => Array
        (
        )

)
Array
(
    [0] => 
    [1] => cs_pp_action_wp_head
    [2] => Array
        (
            [0] => 
        )

)
2024-04-16T14:42:27+00:00 DEBUG \n--------------------- Can not find paypal proxy for charge! ---------------------\nArray
(
    [0] => 
    [1] => 
    [2] => Array
        (
        )

)
Array
(
    [0] => 
    [1] => cs_pp_action_wp_head
    [2] => Array
        (
            [0] => 
        )

)
2024-04-16T14:42:33+00:00 DEBUG \n--------------------- Can not find paypal proxy for charge! ---------------------\nArray
(
    [0] => 
    [1] => 
    [2] => Array
        (
        )

)
Array
(
    [0] => 
    [1] => cs_pp_action_wp_head
    [2] => Array
        (
            [0] => 
        )

)
2024-04-16T14:42:38+00:00 DEBUG \n--------------------- Can not find paypal proxy for charge! ---------------------\nArray
(
    [0] => 
    [1] => 
    [2] => Array
        (
        )

)
Array
(
    [0] => 
    [1] => cs_pp_action_wp_head
    [2] => Array
        (
            [0] => 
        )

)
2024-04-16T14:43:11+00:00 DEBUG \n--------------------- Can not find paypal proxy for charge! ---------------------\nArray
(
    [0] => 
    [1] => 
    [2] => Array
        (
        )

)
Array
(
    [0] => 
    [1] => cs_pp_action_wp_head
    [2] => Array
        (
            [0] => 
        )

)
2024-04-16T14:43:26+00:00 DEBUG \n--------------------- Can not find paypal proxy for charge! ---------------------\nArray
(
    [0] => 
    [1] => 
    [2] => Array
        (
        )

)
Array
(
    [0] => 
    [1] => cs_pp_action_wp_head
    [2] => Array
        (
            [0] => 
        )

)
2024-04-16T14:43:26+00:00 DEBUG \n--------------------- Can not find paypal proxy for charge! ---------------------\nArray
(
    [0] => 
    [1] => 
    [2] => Array
        (
        )

)
Array
(
    [0] => 
    [1] => cs_pp_action_wp_head
    [2] => Array
        (
            [0] => 
        )

)
2024-04-16T14:43:27+00:00 DEBUG \n--------------------- Can not find paypal proxy for charge! ---------------------\nArray
(
    [0] => 
    [1] => 
    [2] => Array
        (
        )

)
Array
(
    [0] => 
    [1] => cs_pp_action_wp_head
    [2] => Array
        (
            [0] => 
        )

)
2024-04-16T14:52:52+00:00 DEBUG \n--------------------- Can not find paypal proxy for charge! ---------------------\nArray
(
    [0] => 
    [1] => 
    [2] => Array
        (
        )

)
Array
(
    [0] => 
    [1] => cs_pp_action_wp_head
    [2] => Array
        (
            [0] => 
        )

)
2024-04-16T14:53:22+00:00 DEBUG \n--------------------- Can not find paypal proxy for charge! ---------------------\nArray
(
    [0] => 
    [1] => 
    [2] => Array
        (
        )

)
Array
(
    [0] => 
    [1] => cs_pp_action_wp_head
    [2] => Array
        (
            [0] => 
        )

)
2024-04-16T14:54:05+00:00 DEBUG \n--------------------- Can not find paypal proxy for charge! ---------------------\nArray
(
    [0] => 
    [1] => 
    [2] => Array
        (
        )

)
Array
(
    [0] => 
    [1] => cs_pp_action_wp_head
    [2] => Array
        (
            [0] => 
        )

)
2024-04-16T14:54:05+00:00 DEBUG \n--------------------- Can not find paypal proxy for charge! ---------------------\nArray
(
    [0] => 
    [1] => 
    [2] => Array
        (
        )

)
Array
(
    [0] => 
    [1] => cs_pp_action_wp_head
    [2] => Array
        (
            [0] => 
        )

)
2024-04-16T14:54:05+00:00 DEBUG \n--------------------- Can not find paypal proxy for charge! ---------------------\nArray
(
    [0] => 
    [1] => 
    [2] => Array
        (
        )

)
Array
(
    [0] => 
    [1] => cs_pp_action_wp_head
    [2] => Array
        (
            [0] => 
        )

)
2024-04-16T14:54:07+00:00 DEBUG \n--------------------- Can not find paypal proxy for charge! ---------------------\nArray
(
    [0] => 
    [1] => 
    [2] => Array
        (
        )

)
Array
(
    [0] => 
    [1] => cs_pp_action_wp_head
    [2] => Array
        (
            [0] => 
        )

)
2024-04-16T14:54:23+00:00 DEBUG \n--------------------- Can not find paypal proxy for charge! ---------------------\nArray
(
    [0] => 
    [1] => 
    [2] => Array
        (
        )

)
Array
(
    [0] => 
    [1] => cs_pp_action_wp_head
    [2] => Array
        (
            [0] => 
        )

)
2024-04-16T14:54:24+00:00 DEBUG \n--------------------- Can not find paypal proxy for charge! ---------------------\nArray
(
    [0] => 
    [1] => 
    [2] => Array
        (
        )

)
Array
(
    [0] => 
    [1] => cs_pp_action_wp_head
    [2] => Array
        (
            [0] => 
        )

)
2024-04-16T14:54:25+00:00 DEBUG \n--------------------- Can not find paypal proxy for charge! ---------------------\nArray
(
    [0] => 
    [1] => 
    [2] => Array
        (
        )

)
Array
(
    [0] => 
    [1] => cs_pp_action_wp_head
    [2] => Array
        (
            [0] => 
        )

)
2024-04-16T14:55:05+00:00 DEBUG \n--------------------- Can not find paypal proxy for charge! ---------------------\nArray
(
    [0] => 
    [1] => 
    [2] => Array
        (
        )

)
Array
(
    [0] => 
    [1] => cs_pp_action_wp_head
    [2] => Array
        (
            [0] => 
        )

)
2024-04-16T14:55:06+00:00 DEBUG \n--------------------- Can not find paypal proxy for charge! ---------------------\nArray
(
    [0] => 
    [1] => 
    [2] => Array
        (
        )

)
Array
(
    [0] => 
    [1] => cs_pp_action_wp_head
    [2] => Array
        (
            [0] => 
        )

)
2024-04-16T14:55:06+00:00 DEBUG \n--------------------- Can not find paypal proxy for charge! ---------------------\nArray
(
    [0] => 
    [1] => 
    [2] => Array
        (
        )

)
Array
(
    [0] => 
    [1] => cs_pp_action_wp_head
    [2] => Array
        (
            [0] => 
        )

)
2024-04-16T14:56:48+00:00 DEBUG \n--------------------- Can not find paypal proxy for charge! ---------------------\nArray
(
    [0] => 
    [1] => 
    [2] => Array
        (
        )

)
Array
(
    [0] => 
    [1] => cs_pp_action_wp_head
    [2] => Array
        (
            [0] => 
        )

)
2024-04-16T14:56:58+00:00 DEBUG \n--------------------- Can not find paypal proxy for charge! ---------------------\nArray
(
    [0] => 
    [1] => 
    [2] => Array
        (
        )

)
Array
(
    [0] => 
    [1] => cs_pp_action_wp_head
    [2] => Array
        (
            [0] => 
        )

)
2024-04-16T14:57:20+00:00 DEBUG \n--------------------- Can not find paypal proxy for charge! ---------------------\nArray
(
    [0] => 
    [1] => 
    [2] => Array
        (
        )

)
Array
(
    [0] => 
    [1] => cs_pp_action_wp_head
    [2] => Array
        (
            [0] => 
        )

)
2024-04-16T14:57:20+00:00 DEBUG \n--------------------- Can not find paypal proxy for charge! ---------------------\nArray
(
    [0] => 
    [1] => 
    [2] => Array
        (
        )

)
Array
(
    [0] => 
    [1] => cs_pp_action_wp_head
    [2] => Array
        (
            [0] => 
        )

)
2024-04-16T14:57:21+00:00 DEBUG \n--------------------- Can not find paypal proxy for charge! ---------------------\nArray
(
    [0] => 
    [1] => 
    [2] => Array
        (
        )

)
Array
(
    [0] => 
    [1] => cs_pp_action_wp_head
    [2] => Array
        (
            [0] => 
        )

)
2024-04-16T14:57:37+00:00 DEBUG \n--------------------- Can not find paypal proxy for charge! ---------------------\nArray
(
    [0] => 
    [1] => 
    [2] => Array
        (
        )

)
Array
(
    [0] => 
    [1] => cs_pp_action_wp_head
    [2] => Array
        (
            [0] => 
        )

)
2024-04-16T14:57:37+00:00 DEBUG \n--------------------- Can not find paypal proxy for charge! ---------------------\nArray
(
    [0] => 
    [1] => 
    [2] => Array
        (
        )

)
Array
(
    [0] => 
    [1] => cs_pp_action_wp_head
    [2] => Array
        (
            [0] => 
        )

)
2024-04-16T14:57:44+00:00 DEBUG \n--------------------- Can not find paypal proxy for charge! ---------------------\nArray
(
    [0] => 
    [1] => 
    [2] => Array
        (
        )

)
Array
(
    [0] => 
    [1] => cs_pp_action_wp_head
    [2] => Array
        (
            [0] => 
        )

)
2024-04-16T14:57:44+00:00 DEBUG \n--------------------- Can not find paypal proxy for charge! ---------------------\nArray
(
    [0] => 
    [1] => 
    [2] => Array
        (
        )

)
Array
(
    [0] => 
    [1] => cs_pp_action_wp_head
    [2] => Array
        (
            [0] => 
        )

)
2024-04-16T14:57:49+00:00 DEBUG \n--------------------- Can not find paypal proxy for charge! ---------------------\nArray
(
    [0] => 
    [1] => 
    [2] => Array
        (
        )

)
Array
(
    [0] => 
    [1] => cs_pp_action_wp_head
    [2] => Array
        (
            [0] => 
        )

)
2024-04-16T14:58:07+00:00 DEBUG \n--------------------- Can not find paypal proxy for charge! ---------------------\nArray
(
    [0] => 
    [1] => 
    [2] => Array
        (
        )

)
Array
(
    [0] => 
    [1] => cs_pp_action_wp_head
    [2] => Array
        (
            [0] => 
        )

)
2024-04-16T14:58:36+00:00 DEBUG \n--------------------- Can not find paypal proxy for charge! ---------------------\nArray
(
    [0] => 
    [1] => 
    [2] => Array
        (
        )

)
Array
(
    [0] => 
    [1] => cs_pp_action_wp_head
    [2] => Array
        (
            [0] => 
        )

)
2024-04-16T15:00:24+00:00 DEBUG \n--------------------- Can not find paypal proxy for charge! ---------------------\nArray
(
    [0] => 
    [1] => 
    [2] => Array
        (
        )

)
Array
(
    [0] => 
    [1] => cs_pp_action_wp_head
    [2] => Array
        (
            [0] => 
        )

)
2024-04-16T15:01:54+00:00 DEBUG \n--------------------- Can not find paypal proxy for charge! ---------------------\nArray
(
    [0] => 
    [1] => 
    [2] => Array
        (
        )

)
Array
(
    [0] => 
    [1] => cs_pp_action_wp_head
    [2] => Array
        (
            [0] => 
        )

)
2024-04-16T15:02:01+00:00 DEBUG \n--------------------- Can not find paypal proxy for charge! ---------------------\nArray
(
    [0] => 
    [1] => 
    [2] => Array
        (
        )

)
Array
(
    [0] => 
    [1] => cs_pp_action_wp_head
    [2] => Array
        (
            [0] => 
        )

)
2024-04-16T15:02:01+00:00 DEBUG \n--------------------- Can not find paypal proxy for charge! ---------------------\nArray
(
    [0] => 
    [1] => 
    [2] => Array
        (
        )

)
Array
(
    [0] => 
    [1] => cs_pp_action_wp_head
    [2] => Array
        (
            [0] => 
        )

)
2024-04-16T15:02:05+00:00 DEBUG \n--------------------- Can not find paypal proxy for charge! ---------------------\nArray
(
    [0] => 
    [1] => 
    [2] => Array
        (
        )

)
Array
(
    [0] => 
    [1] => cs_pp_action_wp_head
    [2] => Array
        (
            [0] => 
        )

)
2024-04-16T15:02:41+00:00 DEBUG \n--------------------- Can not find paypal proxy for charge! ---------------------\nArray
(
    [0] => 
    [1] => 
    [2] => Array
        (
        )

)
Array
(
    [0] => 
    [1] => cs_pp_action_wp_head
    [2] => Array
        (
            [0] => 
        )

)
